warning: Git tree '/home/jo/NixosConfiguration' is dirty
building the system configuration...
warning: Git tree '/home/jo/NixosConfiguration' is dirty
these 32 derivations will be built:
  /nix/store/0jcwhqc83ndvvgny56pp4mc12zvpiqf5-system-path.drv
  /nix/store/jhm7dkfx83rx7qwhr879in2f8fpxvr5i-unit-xdg-autostart-if-no-desktop-manager.target.drv
  /nix/store/b79im4hdas62fdhaa55whpcza0c6py2a-dbus-1.drv
  /nix/store/447c9wls5flqdkvvgpvifdc364kd4f8b-X-Restart-Triggers-dbus.drv
  /nix/store/v7nns6fnhx35001pk7s3ms1y8znz6h1k-unit-dbus.service.drv
  /nix/store/0k5hqr2v7gby8fq86dpw0zxykkpx7fh8-user-units.drv
  /nix/store/164djmw851ggam66as2nb8ds31bclnjm-unit-dbus.service.drv
  /nix/store/1s4xsc0i8hbc2cr6pyn5218wwdzxbvb8-user-environment.drv
  /nix/store/3zrv71348xa8rxk8lv0kb9cn7lsm39vj-desktops.drv
  /nix/store/sd52mr811hgfldvkfpm21i3azabjsnik-set-environment.drv
  /nix/store/1xwjyxgcrwyfld07kxl6wy4ganhwa64w-etc-fish-nixos-env-preinit.fish.drv
  /nix/store/2jz2yjn24m5dfn7sb4axppr426kczmd5-unit-accounts-daemon.service.drv
  /nix/store/rhjs4kj7l08a1qn1i4xq9vky5zwbgd7x-unit-display-manager.service.drv
  /nix/store/87xybbxidx69vamlq1qxfpmlphv64330-X-Restart-Triggers-polkit.drv
  /nix/store/vy07m6mapq2bs0s8rxhlvi1js0vjywm2-unit-polkit.service.drv
  /nix/store/21lwhapmyhg4gqx3nqjfzbv3wn5a0nkg-system-units.drv
  /nix/store/2i8zdy2yi3r6ccggpsp133bbgyf35jnf-etc-pam-environment.drv
  /nix/store/3qxwphd2h16m5xy377144qy8dl65s9rh-user-generators.drv
  /nix/store/amgn4pysp7f7ha4gs3gj3x0qmm8wa5nx-system-generators.drv
  /nix/store/zcdpj0qgq1b04qi7ai1djd8srkqfjs2s-man-paths.drv
  /nix/store/jc1xnh8i5h6pklpx4apvnfyk1cicnvbw-man-cache.drv
  /nix/store/f86hh7p02diafaig6r0yvig3faffhwf0-etc-man_db.conf.drv
  /nix/store/nxpmw40yjkp2c933amjng5fhjja1r5r1-xdg-desktop-portal-hyprland-1.3.9_fish-completions.drv
  /nix/store/pk16n28f9j6dnw4d332pyps5166d5yri-xwayland-24.1.6_fish-completions.drv
  /nix/store/gvii2jjj25jwzf6pbw3g20ckswv3ryh0-system_fish-completions.drv
  /nix/store/k0jdgr1d24vl0khggabrnqw1awbbw9z8-etc-profile.drv
  /nix/store/nznravy60h1k2hf71ilss7k3cva4q64j-etc-zshenv.drv
  /nix/store/q69nbajjfghlyfpcz7rp8mj6yvkah3zv-system-shutdown.drv
  /nix/store/rg59y7rf2mj347yn2j24blnnrw5p4lmd-swaylock.pam.drv
  /nix/store/scl8pj7df5izx2rg500q6b1202xr53kb-user-environment.drv
  /nix/store/nixprl1wh9vmjsvqypgz6yd207ik8gp8-etc.drv
  /nix/store/fw8jqia3g6npwdwavpvn50d0rn8il7di-nixos-system-rr-laptop-25.05.20250505.3730d8a.drv
these 3 paths will be fetched (0.49 MiB download, 2.00 MiB unpacked):
  /nix/store/5x1wgdg7qc07dw2y583i2csv3qsg6spl-sdbus-cpp-2.0.0
  /nix/store/4b1nw799hy35v5jac0lh12050yxhk52a-slurp-1.5.0
  /nix/store/pz7db3l8hjlgi7j4imm348vm8h9vinrv-xdg-desktop-portal-hyprland-1.3.9
building '/nix/store/rg59y7rf2mj347yn2j24blnnrw5p4lmd-swaylock.pam.drv'...
building '/nix/store/1s4xsc0i8hbc2cr6pyn5218wwdzxbvb8-user-environment.drv'...
building '/nix/store/scl8pj7df5izx2rg500q6b1202xr53kb-user-environment.drv'...
copying path '/nix/store/4b1nw799hy35v5jac0lh12050yxhk52a-slurp-1.5.0' from 'https://cache.nixos.org'...
copying path '/nix/store/5x1wgdg7qc07dw2y583i2csv3qsg6spl-sdbus-cpp-2.0.0' from 'https://cache.nixos.org'...
building '/nix/store/3zrv71348xa8rxk8lv0kb9cn7lsm39vj-desktops.drv'...
building '/nix/store/jhm7dkfx83rx7qwhr879in2f8fpxvr5i-unit-xdg-autostart-if-no-desktop-manager.target.drv'...
building '/nix/store/pk16n28f9j6dnw4d332pyps5166d5yri-xwayland-24.1.6_fish-completions.drv'...
copying path '/nix/store/pz7db3l8hjlgi7j4imm348vm8h9vinrv-xdg-desktop-portal-hyprland-1.3.9' from 'https://cache.nixos.org'...
building '/nix/store/rhjs4kj7l08a1qn1i4xq9vky5zwbgd7x-unit-display-manager.service.drv'...
building '/nix/store/zcdpj0qgq1b04qi7ai1djd8srkqfjs2s-man-paths.drv'...
building '/nix/store/amgn4pysp7f7ha4gs3gj3x0qmm8wa5nx-system-generators.drv'...
building '/nix/store/0jcwhqc83ndvvgny56pp4mc12zvpiqf5-system-path.drv'...
building '/nix/store/q69nbajjfghlyfpcz7rp8mj6yvkah3zv-system-shutdown.drv'...
building '/nix/store/3qxwphd2h16m5xy377144qy8dl65s9rh-user-generators.drv'...
building '/nix/store/nxpmw40yjkp2c933amjng5fhjja1r5r1-xdg-desktop-portal-hyprland-1.3.9_fish-completions.drv'...
building '/nix/store/jc1xnh8i5h6pklpx4apvnfyk1cicnvbw-man-cache.drv'...
building '/nix/store/gvii2jjj25jwzf6pbw3g20ckswv3ryh0-system_fish-completions.drv'...
building '/nix/store/87xybbxidx69vamlq1qxfpmlphv64330-X-Restart-Triggers-polkit.drv'...
building '/nix/store/b79im4hdas62fdhaa55whpcza0c6py2a-dbus-1.drv'...
building '/nix/store/2i8zdy2yi3r6ccggpsp133bbgyf35jnf-etc-pam-environment.drv'...
building '/nix/store/sd52mr811hgfldvkfpm21i3azabjsnik-set-environment.drv'...
building '/nix/store/2jz2yjn24m5dfn7sb4axppr426kczmd5-unit-accounts-daemon.service.drv'...
building '/nix/store/447c9wls5flqdkvvgpvifdc364kd4f8b-X-Restart-Triggers-dbus.drv'...
building '/nix/store/1xwjyxgcrwyfld07kxl6wy4ganhwa64w-etc-fish-nixos-env-preinit.fish.drv'...
building '/nix/store/k0jdgr1d24vl0khggabrnqw1awbbw9z8-etc-profile.drv'...
building '/nix/store/nznravy60h1k2hf71ilss7k3cva4q64j-etc-zshenv.drv'...
building '/nix/store/vy07m6mapq2bs0s8rxhlvi1js0vjywm2-unit-polkit.service.drv'...
building '/nix/store/164djmw851ggam66as2nb8ds31bclnjm-unit-dbus.service.drv'...
building '/nix/store/v7nns6fnhx35001pk7s3ms1y8znz6h1k-unit-dbus.service.drv'...
building '/nix/store/21lwhapmyhg4gqx3nqjfzbv3wn5a0nkg-system-units.drv'...
building '/nix/store/0k5hqr2v7gby8fq86dpw0zxykkpx7fh8-user-units.drv'...
building '/nix/store/f86hh7p02diafaig6r0yvig3faffhwf0-etc-man_db.conf.drv'...
building '/nix/store/nixprl1wh9vmjsvqypgz6yd207ik8gp8-etc.drv'...
building '/nix/store/fw8jqia3g6npwdwavpvn50d0rn8il7di-nixos-system-rr-laptop-25.05.20250505.3730d8a.drv'...
stopping the following units: accounts-daemon.service
NOT restarting the following changed units: display-manager.service
activating the configuration...
setting up /etc...
reloading user units for jo...
restarting sysinit-reactivation.target
reloading the following units: dbus.service
restarting the following units: polkit.service
starting the following units: accounts-daemon.service
the following new units were started: NetworkManager-dispatcher.service
Done. The new configuration is /nix/store/d2mpskvhrk4dm17hrndqjbq1f653z8a7-nixos-system-rr-laptop-25.05.20250505.3730d8a
